TN:
SF:script/EmptyScript.s.sol
DA:7,0
FN:7,EmptyScript.setUp
FNDA:0,EmptyScript.setUp
DA:9,0
FN:9,EmptyScript.run
FNDA:0,EmptyScript.run
DA:10,0
FNF:2
FNH:0
LF:3
LH:0
BRF:0
BRH:0
end_of_record
TN:
SF:src/utils/NonAtomicMinter.sol
DA:53,8
FN:53,NonAtomicMinter.constructor
FNDA:8,NonAtomicMinter.constructor
DA:54,8
DA:55,8
DA:56,0
DA:59,6
FN:59,NonAtomicMinter.initialize
FNDA:6,NonAtomicMinter.initialize
DA:60,6
DA:61,0
DA:69,2
FN:69,NonAtomicMinter.deposit
FNDA:2,NonAtomicMinter.deposit
DA:70,2
DA:73,1
DA:74,1
DA:76,1
DA:79,2
DA:86,0
FN:86,NonAtomicMinter.sweep
FNDA:0,NonAtomicMinter.sweep
DA:87,0
DA:90,0
FN:90,NonAtomicMinter.mint
FNDA:0,NonAtomicMinter.mint
DA:92,0
FN:92,NonAtomicMinter.batchMint
FNDA:0,NonAtomicMinter.batchMint
DA:94,0
FN:94,NonAtomicMinter.batchSweep
FNDA:0,NonAtomicMinter.batchSweep
DA:97,2
FN:97,NonAtomicMinter._authorizeUpgrade
FNDA:2,NonAtomicMinter._authorizeUpgrade
DA:104,1
FN:104,NonAtomicMinter._transferUnderlying
FNDA:1,NonAtomicMinter._transferUnderlying
DA:105,1
DA:114,1
FN:114,NonAtomicMinter._increaseRequest
FNDA:1,NonAtomicMinter._increaseRequest
DA:115,1
DA:116,1
DA:119,0
FN:119,NonAtomicMinter._decreaseRequest
FNDA:0,NonAtomicMinter._decreaseRequest
DA:120,0
BRDA:120,0,0,-
BRDA:120,0,1,-
DA:121,0
DA:122,0
DA:130,1
FN:130,NonAtomicMinter.currentRequest
FNDA:1,NonAtomicMinter.currentRequest
DA:131,1
DA:132,1
DA:140,2
FN:140,NonAtomicMinter._getDepositStorage
FNDA:2,NonAtomicMinter._getDepositStorage
DA:141,2
DA:143,0
DA:148,2
FN:148,NonAtomicMinter._validateAmount
FNDA:2,NonAtomicMinter._validateAmount
DA:149,2
BRDA:149,1,0,-
BRDA:149,1,1,-
FNF:14
FNH:9
LF:36
LH:24
BRF:4
BRH:0
end_of_record
TN:
SF:src/vaults/hyperliquid/HyperEvmVault.sol
DA:42,5
FN:42,HyperEvmVault.constructor
FNDA:5,HyperEvmVault.constructor
DA:50,5
BRDA:50,0,0,-
BRDA:50,0,1,-
DA:51,5
BRDA:51,1,0,-
BRDA:51,1,1,-
DA:53,3
DA:54,3
DA:55,5
DA:62,0
FN:62,HyperEvmVault.deposit
FNDA:0,HyperEvmVault.deposit
DA:64,0
FN:64,HyperEvmVault.mint
FNDA:0,HyperEvmVault.mint
DA:66,0
FN:66,HyperEvmVault.withdraw
FNDA:0,HyperEvmVault.withdraw
DA:68,0
FN:68,HyperEvmVault.redeem
FNDA:0,HyperEvmVault.redeem
DA:78,3
FN:78,HyperEvmVault._deployEscrows
FNDA:3,HyperEvmVault._deployEscrows
DA:79,3
DA:80,17
DA:81,17
DA:89,1
FN:89,HyperEvmVault.asset
FNDA:1,HyperEvmVault.asset
DA:90,1
DA:93,1
FN:93,HyperEvmVault.l1Vault
FNDA:1,HyperEvmVault.l1Vault
DA:94,1
DA:97,0
FN:97,HyperEvmVault.totalAssets
FNDA:0,HyperEvmVault.totalAssets
DA:99,0
FN:99,HyperEvmVault.convertToShares
FNDA:0,HyperEvmVault.convertToShares
DA:101,0
FN:101,HyperEvmVault.convertToAssets
FNDA:0,HyperEvmVault.convertToAssets
DA:103,0
FN:103,HyperEvmVault.maxDeposit
FNDA:0,HyperEvmVault.maxDeposit
DA:105,0
FN:105,HyperEvmVault.previewDeposit
FNDA:0,HyperEvmVault.previewDeposit
DA:107,0
FN:107,HyperEvmVault.maxMint
FNDA:0,HyperEvmVault.maxMint
DA:109,0
FN:109,HyperEvmVault.previewMint
FNDA:0,HyperEvmVault.previewMint
DA:111,0
FN:111,HyperEvmVault.maxWithdraw
FNDA:0,HyperEvmVault.maxWithdraw
DA:113,0
FN:113,HyperEvmVault.previewWithdraw
FNDA:0,HyperEvmVault.previewWithdraw
DA:115,0
FN:115,HyperEvmVault.maxRedeem
FNDA:0,HyperEvmVault.maxRedeem
DA:117,0
FN:117,HyperEvmVault.previewRedeem
FNDA:0,HyperEvmVault.previewRedeem
FNF:19
FNH:4
LF:29
LH:14
BRF:4
BRH:0
end_of_record
TN:
SF:src/vaults/hyperliquid/VaultEscrow.sol
DA:26,0
FN:26,VaultEscrow.onlyVault
FNDA:0,VaultEscrow.onlyVault
DA:27,0
BRDA:27,0,0,-
BRDA:27,0,1,-
DA:35,17
FN:35,VaultEscrow.constructor
FNDA:17,VaultEscrow.constructor
DA:36,17
DA:43,0
FN:43,VaultEscrow.vault
FNDA:0,VaultEscrow.vault
DA:44,0
FNF:3
FNH:1
LF:6
LH:2
BRF:2
BRH:0
end_of_record
TN:
SF:test/mocks/MockERC20.sol
DA:9,17
FN:9,MockERC20.constructor
FNDA:17,MockERC20.constructor
DA:10,17
DA:13,1
FN:13,MockERC20.mint
FNDA:1,MockERC20.mint
DA:14,1
DA:17,0
FN:17,MockERC20.decimals
FNDA:0,MockERC20.decimals
DA:18,0
FNF:3
FNH:2
LF:6
LH:4
BRF:0
BRH:0
end_of_record
