TN:
SF:script/DeployMintableToken.s.sol
DA:18,0
FN:18,DeployMintableTokenScript.run
FNDA:0,DeployMintableTokenScript.run
DA:19,0
DA:20,0
DA:21,0
DA:24,0
BRDA:24,0,0,-
BRDA:24,0,1,-
DA:25,0
BRDA:25,1,0,-
BRDA:25,1,1,-
DA:26,0
BRDA:26,2,0,-
BRDA:26,2,1,-
DA:27,0
BRDA:27,3,0,-
BRDA:27,3,1,-
DA:30,0
DA:31,0
DA:34,0
BRDA:34,4,0,-
DA:35,0
DA:38,0
BRDA:38,5,0,-
DA:39,0
DA:43,0
BRDA:43,6,0,-
DA:44,0
DA:45,0
DA:48,0
FNF:1
FNH:0
LF:18
LH:0
BRF:11
BRH:0
end_of_record
TN:
SF:script/DeployNonAtomicMinter.s.sol
DA:22,0
FN:22,DeployNonAtomicMinterScript.run
FNDA:0,DeployNonAtomicMinterScript.run
DA:23,0
DA:24,0
DA:25,0
DA:28,0
BRDA:28,0,0,-
BRDA:28,0,1,-
DA:29,0
BRDA:29,1,0,-
BRDA:29,1,1,-
DA:30,0
BRDA:30,2,0,-
BRDA:30,2,1,-
DA:33,0
DA:34,0
DA:38,0
DA:39,0
DA:42,0
BRDA:42,3,0,-
DA:43,0
DA:46,0
BRDA:46,4,0,-
DA:47,0
DA:50,0
BRDA:50,5,0,-
DA:51,0
DA:55,0
BRDA:55,6,0,-
DA:56,0
DA:57,0
DA:60,0
FNF:1
FNH:0
LF:21
LH:0
BRF:10
BRH:0
end_of_record
TN:
SF:script/MintNonAtomic.s.sol
DA:12,0
FN:12,MintNonAtomicScript.setUp
FNDA:0,MintNonAtomicScript.setUp
DA:14,0
DA:17,0
FN:17,MintNonAtomicScript.run
FNDA:0,MintNonAtomicScript.run
DA:18,0
DA:19,0
DA:21,0
DA:22,0
DA:24,0
FNF:2
FNH:0
LF:8
LH:0
BRF:0
BRH:0
end_of_record
TN:
SF:src/utils/MintableToken.sol
DA:33,17
FN:33,MintableToken.constructor
FNDA:17,MintableToken.constructor
DA:37,17
DA:38,17
DA:51,1793
FN:51,MintableToken.mint
FNDA:1793,MintableToken.mint
DA:52,1537
BRDA:52,0,0,-
BRDA:52,0,1,-
DA:53,1537
DA:62,512
FN:62,MintableToken.burnFrom
FNDA:512,MintableToken.burnFrom
DA:63,256
DA:71,512
FN:71,MintableToken.burn
FNDA:512,MintableToken.burn
DA:72,256
DA:76,1
FN:76,MintableToken.decimals
FNDA:1,MintableToken.decimals
DA:77,1
FNF:5
FNH:5
LF:12
LH:12
BRF:2
BRH:0
end_of_record
TN:
SF:src/utils/NonAtomicMinter.sol
DA:71,13
FN:71,NonAtomicMinter.constructor
FNDA:13,NonAtomicMinter.constructor
DA:72,13
BRDA:72,0,0,-
BRDA:72,0,1,-
DA:73,13
BRDA:73,1,0,-
BRDA:73,1,1,-
DA:75,13
DA:76,13
DA:77,0
DA:80,12
FN:80,NonAtomicMinter.initialize
FNDA:12,NonAtomicMinter.initialize
DA:81,12
BRDA:81,2,0,-
BRDA:81,2,1,-
DA:82,12
BRDA:82,3,0,-
BRDA:82,3,1,-
DA:84,12
DA:86,0
DA:87,0
DA:90,12
DA:98,1286
FN:98,NonAtomicMinter.deposit
FNDA:1286,NonAtomicMinter.deposit
DA:99,1286
DA:102,1285
DA:103,1285
DA:105,1285
DA:108,1286
DA:116,258
FN:116,NonAtomicMinter.mint
FNDA:258,NonAtomicMinter.mint
DA:117,258
DA:118,258
DA:122,516
FN:122,NonAtomicMinter.sweepOrder
FNDA:516,NonAtomicMinter.sweepOrder
DA:123,516
DA:124,516
DA:126,516
DA:129,516
DA:133,2
FN:133,NonAtomicMinter._authorizeUpgrade
FNDA:2,NonAtomicMinter._authorizeUpgrade
DA:140,258
FN:140,NonAtomicMinter._mint
FNDA:258,NonAtomicMinter._mint
DA:141,258
DA:143,258
DA:146,258
DA:149,257
DA:159,1285
FN:159,NonAtomicMinter._deposit
FNDA:1285,NonAtomicMinter._deposit
DA:160,1285
BRDA:160,4,0,-
BRDA:160,4,1,-
DA:162,1284
DA:163,1284
DA:164,1284
DA:166,1284
DA:167,1284
DA:175,516
FN:175,NonAtomicMinter._sweepOrder
FNDA:516,NonAtomicMinter._sweepOrder
DA:176,516
BRDA:176,5,0,-
BRDA:176,5,1,-
DA:178,515
DA:179,515
DA:180,516
DA:189,258
FN:189,NonAtomicMinter._completeOrder
FNDA:258,NonAtomicMinter._completeOrder
DA:190,258
BRDA:190,6,0,-
BRDA:190,6,1,-
DA:191,258
BRDA:191,7,0,-
BRDA:191,7,1,-
DA:193,257
DA:194,258
DA:202,1283
FN:202,NonAtomicMinter.info
FNDA:1283,NonAtomicMinter.info
DA:203,1283
DA:207,1027
FN:207,NonAtomicMinter.nextId
FNDA:1027,NonAtomicMinter.nextId
DA:208,1027
DA:212,1
FN:212,NonAtomicMinter.minDeposit
FNDA:1,NonAtomicMinter.minDeposit
DA:213,1
DA:217,2048
FN:217,NonAtomicMinter.isUserOrder
FNDA:2048,NonAtomicMinter.isUserOrder
DA:218,2048
DA:226,6430
FN:226,NonAtomicMinter._getOrderStorage
FNDA:6430,NonAtomicMinter._getOrderStorage
DA:227,6430
DA:229,0
DA:234,1544
FN:234,NonAtomicMinter._validateAmount
FNDA:1544,NonAtomicMinter._validateAmount
DA:235,1544
BRDA:235,8,0,-
BRDA:235,8,1,-
FNF:16
FNH:16
LF:63
LH:59
BRF:18
BRH:0
end_of_record
TN:
SF:src/vaults/hyperliquid/HyperEvmVault.sol
DA:42,5
FN:42,HyperEvmVault.constructor
FNDA:5,HyperEvmVault.constructor
DA:50,5
BRDA:50,0,0,-
BRDA:50,0,1,-
DA:51,5
BRDA:51,1,0,-
BRDA:51,1,1,-
DA:53,3
DA:54,3
DA:55,5
DA:62,0
FN:62,HyperEvmVault.deposit
FNDA:0,HyperEvmVault.deposit
DA:64,0
FN:64,HyperEvmVault.mint
FNDA:0,HyperEvmVault.mint
DA:66,0
FN:66,HyperEvmVault.withdraw
FNDA:0,HyperEvmVault.withdraw
DA:68,0
FN:68,HyperEvmVault.redeem
FNDA:0,HyperEvmVault.redeem
DA:78,3
FN:78,HyperEvmVault._deployEscrows
FNDA:3,HyperEvmVault._deployEscrows
DA:79,3
DA:80,17
DA:81,17
DA:89,1
FN:89,HyperEvmVault.asset
FNDA:1,HyperEvmVault.asset
DA:90,1
DA:93,1
FN:93,HyperEvmVault.l1Vault
FNDA:1,HyperEvmVault.l1Vault
DA:94,1
DA:97,0
FN:97,HyperEvmVault.totalAssets
FNDA:0,HyperEvmVault.totalAssets
DA:99,0
FN:99,HyperEvmVault.convertToShares
FNDA:0,HyperEvmVault.convertToShares
DA:101,0
FN:101,HyperEvmVault.convertToAssets
FNDA:0,HyperEvmVault.convertToAssets
DA:103,0
FN:103,HyperEvmVault.maxDeposit
FNDA:0,HyperEvmVault.maxDeposit
DA:105,0
FN:105,HyperEvmVault.previewDeposit
FNDA:0,HyperEvmVault.previewDeposit
DA:107,0
FN:107,HyperEvmVault.maxMint
FNDA:0,HyperEvmVault.maxMint
DA:109,0
FN:109,HyperEvmVault.previewMint
FNDA:0,HyperEvmVault.previewMint
DA:111,0
FN:111,HyperEvmVault.maxWithdraw
FNDA:0,HyperEvmVault.maxWithdraw
DA:113,0
FN:113,HyperEvmVault.previewWithdraw
FNDA:0,HyperEvmVault.previewWithdraw
DA:115,0
FN:115,HyperEvmVault.maxRedeem
FNDA:0,HyperEvmVault.maxRedeem
DA:117,0
FN:117,HyperEvmVault.previewRedeem
FNDA:0,HyperEvmVault.previewRedeem
FNF:19
FNH:4
LF:29
LH:14
BRF:4
BRH:0
end_of_record
TN:
SF:src/vaults/hyperliquid/VaultEscrow.sol
DA:26,0
FN:26,VaultEscrow.onlyVault
FNDA:0,VaultEscrow.onlyVault
DA:27,0
BRDA:27,0,0,-
BRDA:27,0,1,-
DA:35,17
FN:35,VaultEscrow.constructor
FNDA:17,VaultEscrow.constructor
DA:36,17
DA:43,0
FN:43,VaultEscrow.vault
FNDA:0,VaultEscrow.vault
DA:44,0
FNF:3
FNH:1
LF:6
LH:2
BRF:2
BRH:0
end_of_record
TN:
SF:test/faucets/faucet.sol
DA:13,1024
FN:13,Faucet._dripToken
FNDA:1024,Faucet._dripToken
DA:14,1024
BRDA:14,0,0,1024
DA:15,1024
BRDA:15,1,0,1024
BRDA:15,1,1,-
DA:16,1024
DA:17,1024
DA:19,0
FNF:1
FNH:1
LF:6
LH:5
BRF:3
BRH:2
end_of_record
TN:
SF:test/mocks/MockERC20.sol
DA:9,13
FN:9,MockERC20.constructor
FNDA:13,MockERC20.constructor
DA:10,13
DA:13,4
FN:13,MockERC20.mint
FNDA:4,MockERC20.mint
DA:14,4
DA:17,0
FN:17,MockERC20.decimals
FNDA:0,MockERC20.decimals
DA:18,0
FNF:3
FNH:2
LF:6
LH:4
BRF:0
BRH:0
end_of_record
